LOCALAPPDATA=C:\Users\natew\AppData\Local
Found with vswhere G:\Code\Editor\Microsoft\Visual-Studio
Found with vswhere G:\Code\Editor\Microsoft\Visual-Studio
Call_If_Exists "G:\Code\Editor\Microsoft\Visual-Studio\Common7\Tools\..\..\VC\Auxiliary\Build\vcvarsall.bat"  x86
**********************************************************************
** Visual Studio 2019 Developer Command Prompt v16.6.5
** Copyright (c) 2020 Microsoft Corporation
**********************************************************************
[vcvarsall.bat] Environment initialized for: 'x86'
###
### Using 'vc142' toolset.
###

C:\Users\natew\Desktop\boost_1_73_0\tools\build\src\engine>cl /nologo /Zi /MT /TP /Feb2 /wd4996 /Ox /GL   -DNDEBUG  builtins.cpp class.cpp command.cpp compile.cpp constants.cpp cwd.cpp debug.cpp debugger.cpp execcmd.cpp execnt.cpp filent.cpp filesys.cpp frames.cpp function.cpp glob.cpp hash.cpp hcache.cpp hdrmacro.cpp headers.cpp jam.cpp jambase.cpp jamgram.cpp lists.cpp make.cpp make1.cpp md5.cpp mem.cpp modules.cpp native.cpp object.cpp option.cpp output.cpp parse.cpp pathnt.cpp pathsys.cpp regexp.cpp rules.cpp scan.cpp search.cpp jam_strings.cpp subst.cpp sysinfo.cpp timestamp.cpp variable.cpp w32_getreg.cpp modules/order.cpp modules/path.cpp modules/property-set.cpp modules/regex.cpp modules/sequence.cpp modules/set.cpp /link kernel32.lib advapi32.lib user32.lib 
builtins.cpp
class.cpp
command.cpp
compile.cpp
constants.cpp
cwd.cpp
debug.cpp
debugger.cpp
execcmd.cpp
execnt.cpp
filent.cpp
filesys.cpp
frames.cpp
function.cpp
glob.cpp
hash.cpp
hcache.cpp
hdrmacro.cpp
headers.cpp
jam.cpp
Compiling...
jambase.cpp
jamgram.cpp
lists.cpp
make.cpp
make1.cpp
md5.cpp
mem.cpp
modules.cpp
native.cpp
object.cpp
option.cpp
output.cpp
parse.cpp
pathnt.cpp
pathsys.cpp
regexp.cpp
rules.cpp
scan.cpp
search.cpp
jam_strings.cpp
Compiling...
subst.cpp
sysinfo.cpp
timestamp.cpp
variable.cpp
w32_getreg.cpp
order.cpp
path.cpp
property-set.cpp
regex.cpp
sequence.cpp
set.cpp
Generating code
Finished generating code

C:\Users\natew\Desktop\boost_1_73_0\tools\build\src\engine>dir *.exe 
 Volume in drive C has no label.
 Volume Serial Number is 840C-A7D0

 Directory of C:\Users\natew\Desktop\boost_1_73_0\tools\build\src\engine

08/05/2020  06:14 AM           885,248 b2.exe
               1 File(s)        885,248 bytes
               0 Dir(s)  763,196,170,240 bytes free

C:\Users\natew\Desktop\boost_1_73_0\tools\build\src\engine>copy /b .\b2.exe .\bjam.exe 
        1 file(s) copied.
